<?xml version="1.0" encoding="UTF-8"?>
<!-- Generated by org.testng.reporters.JUnitReportReporter -->
<testsuite hostname="Shakir" failures="0" tests="1" name="com.runTestPackage.MayoClinicRun" time="6.579" errors="0" timestamp="2022-01-20T01:56:43 EST" skipped="0">
  <testcase classname="com.runTestPackage.MayoClinicRun" name="newAccount" time="6.579"/>
  <system-out/>
</testsuite> <!-- com.runTestPackage.MayoClinicRun -->
